{"logTime": "0220/215824", "correlationVector":"mQq72K5YkH+jmrYl2lTRsC.0","action":"FeedSettingFetch_homeCloud", "result":"0", "context":{}}
{"logTime": "0220/215824", "correlationVector":"mQq72K5YkH+jmrYl2lTRsC.0","action":"SyncServerConnectionManagerRequest", "result":"SYNC_SERVER_OK", "context":{"environment":"", "server":""}}
{"logTime": "0220/215825", "correlationVector":"WjbWn8Ow37GyUGGKOy0cg1.1","action":"SyncServerConnectionManagerRequest", "result":"SYNC_SERVER_OK", "context":{"environment":"Prod_EastAsia_000d", "server":"general0100000K"}}
{"logTime": "0220/215825", "correlationVector":"WjbWn8Ow37GyUGGKOy0cg1","action":"Initial GetUpdates", "result":"", "context":Reason: NEW_CLIENT. cV=WjbWn8Ow37GyUGGKOy0cg1}
{"logTime": "0220/215825", "correlationVector":"WjbWn8Ow37GyUGGKOy0cg1.2","action":"GetUpdates Response", "result":"SYNCER_OK", "context":Received 1 update(s). cV=WjbWn8Ow37GyUGGKOy0cg1.0;server=general0100000K;cloudType=Consumer;environment=Prod_EastAsia_000d}
{"logTime": "0220/215829", "correlationVector":"C97zFFFzzploEDB/gtQyn0","action":"Initial GetUpdates", "result":"", "context":Reason: NEW_CLIENT. cV=C97zFFFzzploEDB/gtQyn0}
{"logTime": "0220/215830", "correlationVector":"C97zFFFzzploEDB/gtQyn0.1","action":"SyncServerConnectionManagerRequest", "result":"SYNC_SERVER_OK", "context":{"environment":"Prod_EastAsia_000d", "server":"GENERAL01000013"}}
{"logTime": "0220/215830", "correlationVector":"C97zFFFzzploEDB/gtQyn0.2","action":"GetUpdates Response", "result":"SYNCER_OK", "context":Received 17 update(s). cV=C97zFFFzzploEDB/gtQyn0.0;server=GENERAL01000013;cloudType=Consumer;environment=Prod_EastAsia_000d}
{"logTime": "0220/215830", "correlationVector":"5XIB+a3M3NQYbFz/+Adxhp","action":"Normal GetUpdate request", "result":"", "context":cV=5XIB+a3M3NQYbFz/+Adxhp
Nudged types: Device Info, User Consents
Refresh requested types: Device Info, User Consents, Send Tab To Self, Encryption Keys}
{"logTime": "0220/215830", "correlationVector":"5XIB+a3M3NQYbFz/+Adxhp.1","action":"SyncServerConnectionManagerRequest", "result":"SYNC_SERVER_OK", "context":{"environment":"Prod_EastAsia_000d", "server":"GENERAL0100000D"}}
{"logTime": "0220/215830", "correlationVector":"5XIB+a3M3NQYbFz/+Adxhp.2","action":"GetUpdates Response", "result":"SYNCER_OK", "context":Received 0 update(s). cV=5XIB+a3M3NQYbFz/+Adxhp.0;server=GENERAL0100000D;cloudType=Consumer;environment=Prod_EastAsia_000d}
{"logTime": "0220/215830", "correlationVector":"gtvLCb+mZgzPlLHeHvRikb","action":"Commit Request", "result":"", "context":Item count: 1
Contributing types: Device Info}
{"logTime": "0220/215830", "correlationVector":"gtvLCb+mZgzPlLHeHvRikb.1","action":"SyncServerConnectionManagerRequest", "result":"SYNC_SERVER_OK", "context":{"environment":"Prod_EastAsia_000d", "server":"general0100000K"}}
{"logTime": "0220/215830", "correlationVector":"gtvLCb+mZgzPlLHeHvRikb.2","action":"Commit Response", "result":"SYNCER_OK", "context":Result: SYNCER_OK. cV=gtvLCb+mZgzPlLHeHvRikb.0;server=general0100000K;cloudType=Consumer;environment=Prod_EastAsia_000d}
{"logTime": "0220/215830", "correlationVector":"B637u26PhrDCpvT4Mf+9Pd","action":"Commit Request", "result":"", "context":Item count: 2
Contributing types: User Consents}
{"logTime": "0220/215831", "correlationVector":"B637u26PhrDCpvT4Mf+9Pd.1","action":"SyncServerConnectionManagerRequest", "result":"SYNC_SERVER_OK", "context":{"environment":"Prod_EastAsia_000d", "server":"GENERAL0100000Q"}}
{"logTime": "0220/215831", "correlationVector":"B637u26PhrDCpvT4Mf+9Pd.2","action":"Commit Response", "result":"SYNCER_OK", "context":Result: SYNCER_OK. cV=B637u26PhrDCpvT4Mf+9Pd.0;server=GENERAL0100000Q;cloudType=Consumer;environment=Prod_EastAsia_000d}
{"logTime": "0220/220251", "correlationVector":"T2Z+12IIQDSsc2QN8N/lON.1","action":"SyncServerConnectionManagerRequest", "result":"SYNC_SERVER_OK", "context":{"environment":"Prod_EastAsia_000d", "server":"GENERAL0100001M"}}
{"logTime": "0220/220251", "correlationVector":"T2Z+12IIQDSsc2QN8N/lON","action":"Initial GetUpdates", "result":"", "context":Reason: NEW_CLIENT. cV=T2Z+12IIQDSsc2QN8N/lON}
{"logTime": "0220/220251", "correlationVector":"T2Z+12IIQDSsc2QN8N/lON.2","action":"GetUpdates Response", "result":"SYNCER_OK", "context":Received 1 update(s). cV=T2Z+12IIQDSsc2QN8N/lON.0;server=GENERAL0100001M;cloudType=Consumer;environment=Prod_EastAsia_000d}
{"logTime": "0220/220251", "correlationVector":"ZqILJOQsGJPb/2WGWzwupC","action":"Normal GetUpdate request", "result":"", "context":cV=ZqILJOQsGJPb/2WGWzwupC
Nudged types: User Consents
Refresh requested types: Device Info, User Consents, Send Tab To Self, Encryption Keys}
{"logTime": "0220/220251", "correlationVector":"0CcFSNxEGyBS3VEJVGHkeu.0","action":"FeedSettingFetch_homeCloud", "result":"0", "context":{}}
{"logTime": "0220/220251", "correlationVector":"ZqILJOQsGJPb/2WGWzwupC.1","action":"SyncServerConnectionManagerRequest", "result":"SYNC_SERVER_OK", "context":{"environment":"Prod_EastAsia_000d", "server":"GENERAL01000000"}}
{"logTime": "0220/220251", "correlationVector":"ZqILJOQsGJPb/2WGWzwupC.2","action":"GetUpdates Response", "result":"SYNCER_OK", "context":Received 1 update(s). cV=ZqILJOQsGJPb/2WGWzwupC.0;server=GENERAL01000000;cloudType=Consumer;environment=Prod_EastAsia_000d}
{"logTime": "0220/220251", "correlationVector":"h2hdAiOrEj7yN5UyQ3VniG","action":"Commit Request", "result":"", "context":Item count: 1
Contributing types: User Consents}
{"logTime": "0220/220251", "correlationVector":"h2hdAiOrEj7yN5UyQ3VniG.1","action":"SyncServerConnectionManagerRequest", "result":"SYNC_SERVER_OK", "context":{"environment":"Prod_EastAsia_000d", "server":"GENERAL0100001S"}}
{"logTime": "0220/220251", "correlationVector":"h2hdAiOrEj7yN5UyQ3VniG.2","action":"Commit Response", "result":"SYNCER_OK", "context":Result: SYNCER_OK. cV=h2hdAiOrEj7yN5UyQ3VniG.0;server=GENERAL0100001S;cloudType=Consumer;environment=Prod_EastAsia_000d}
{"logTime": "0220/220252", "correlationVector":"8FOuakWklebOwY8D6UOMv6","action":"SyncServerConnectionManagerRequest", "result":"SYNC_SERVER_OK", "context":{"environment":"", "server":""}}
{"logTime": "0220/220252", "correlationVector":"1ZQuBW2bAj0aiYJ9mhyHTT","action":"Initial GetUpdates", "result":"", "context":Reason: RECONFIGURATION. cV=1ZQuBW2bAj0aiYJ9mhyHTT}
{"logTime": "0220/220252", "correlationVector":"1ZQuBW2bAj0aiYJ9mhyHTT.1","action":"SyncServerConnectionManagerRequest", "result":"SYNC_SERVER_OK", "context":{"environment":"Prod_EastAsia_000d", "server":"GENERAL01000000"}}
{"logTime": "0220/220252", "correlationVector":"1ZQuBW2bAj0aiYJ9mhyHTT.2","action":"GetUpdates Response", "result":"SYNCER_OK", "context":Received 19 update(s). cV=1ZQuBW2bAj0aiYJ9mhyHTT.0;server=GENERAL01000000;cloudType=Consumer;environment=Prod_EastAsia_000d}
{"logTime": "0220/220252", "correlationVector":"j3p0CE4Ifc6uaPGHvlSmh3","action":"Initial GetUpdates", "result":"", "context":Reason: NEWLY_SUPPORTED_DATATYPE. cV=j3p0CE4Ifc6uaPGHvlSmh3}
{"logTime": "0220/220252", "correlationVector":"j3p0CE4Ifc6uaPGHvlSmh3.1","action":"SyncServerConnectionManagerRequest", "result":"SYNC_SERVER_OK", "context":{"environment":"Prod_EastAsia_000d", "server":"general01000019"}}
{"logTime": "0220/220252", "correlationVector":"j3p0CE4Ifc6uaPGHvlSmh3.2","action":"GetUpdates Response", "result":"SYNCER_OK", "context":Received 7 update(s). cV=j3p0CE4Ifc6uaPGHvlSmh3.0;server=general01000019;cloudType=Consumer;environment=Prod_EastAsia_000d}
{"logTime": "0220/220252", "correlationVector":"8NmvyghzoasH+zIrg/lj3A","action":"Initial GetUpdates", "result":"", "context":Reason: NEWLY_SUPPORTED_DATATYPE. cV=8NmvyghzoasH+zIrg/lj3A}
{"logTime": "0220/220252", "correlationVector":"8NmvyghzoasH+zIrg/lj3A.1","action":"SyncServerConnectionManagerRequest", "result":"SYNC_SERVER_OK", "context":{"environment":"Prod_EastAsia_000d", "server":"GENERAL0100000V"}}
{"logTime": "0220/220252", "correlationVector":"8NmvyghzoasH+zIrg/lj3A.2","action":"GetUpdates Response", "result":"SYNCER_OK", "context":Received 8 update(s). cV=8NmvyghzoasH+zIrg/lj3A.0;server=GENERAL0100000V;cloudType=Consumer;environment=Prod_EastAsia_000d}
{"logTime": "0220/220252", "correlationVector":"WCHtyo6RjR5zYMasK6UhCw","action":"Normal GetUpdate request", "result":"", "context":cV=WCHtyo6RjR5zYMasK6UhCw
Nudged types: Sessions, Device Info, User Consents
Refresh requested types: Bookmarks, Preferences, Passwords, Autofill Profiles, Autofill, Autofill Custom Data, Typed URLs, Extensions, Sessions, Extension settings, History Delete Directives, Device Info, User Consents, Send Tab To Self, Web Apps, Collection, Encryption Keys}
{"logTime": "0220/220252", "correlationVector":"WCHtyo6RjR5zYMasK6UhCw.1","action":"SyncServerConnectionManagerRequest", "result":"SYNC_SERVER_OK", "context":{"environment":"Prod_EastAsia_000d", "server":"GENERAL0100001C"}}
{"logTime": "0220/220252", "correlationVector":"WCHtyo6RjR5zYMasK6UhCw.2","action":"GetUpdates Response", "result":"SYNCER_OK", "context":Received 0 update(s). cV=WCHtyo6RjR5zYMasK6UhCw.0;server=GENERAL0100001C;cloudType=Consumer;environment=Prod_EastAsia_000d}
{"logTime": "0220/220252", "correlationVector":"M8J5EYPhamczpgva/GykQv","action":"Commit Request", "result":"", "context":Item count: 1
Contributing types: Device Info}
{"logTime": "0220/220253", "correlationVector":"M8J5EYPhamczpgva/GykQv.1","action":"SyncServerConnectionManagerRequest", "result":"SYNC_SERVER_OK", "context":{"environment":"Prod_EastAsia_000d", "server":"GENERAL0100001C"}}
{"logTime": "0220/220253", "correlationVector":"M8J5EYPhamczpgva/GykQv.2","action":"Commit Response", "result":"SYNCER_OK", "context":Result: SYNCER_OK. cV=M8J5EYPhamczpgva/GykQv.0;server=GENERAL0100001C;cloudType=Consumer;environment=Prod_EastAsia_000d}
{"logTime": "0220/220253", "correlationVector":"cdAlfAEstejoVakPrp1Jkl","action":"Commit Request", "result":"", "context":Item count: 3
Contributing types: Sessions, User Consents}
{"logTime": "0220/220253", "correlationVector":"cdAlfAEstejoVakPrp1Jkl.1","action":"SyncServerConnectionManagerRequest", "result":"SYNC_SERVER_OK", "context":{"environment":"Prod_EastAsia_000d", "server":"GENERAL0100001A"}}
{"logTime": "0220/220253", "correlationVector":"cdAlfAEstejoVakPrp1Jkl.2","action":"Commit Response", "result":"SYNCER_OK", "context":Result: SYNCER_OK. cV=cdAlfAEstejoVakPrp1Jkl.0;server=GENERAL0100001A;cloudType=Consumer;environment=Prod_EastAsia_000d}
